0 silly input []
1 silly flags { _: [ 'bootstrap' ],
1 silly flags   'reject-cycles': false,
1 silly flags   rejectCycles: false,
1 silly flags   args: [] }
2 verbose rootPath /home/jeichel/workspace/web3.js
3 info version 2.11.0
4 silly existsSync /home/jeichel/workspace/web3.js/VERSION
5 silly initialize attempt
6 silly npmConfig { registry: undefined,
6 silly npmConfig   npmClient: undefined,
6 silly npmConfig   npmClientArgs: undefined,
6 silly npmConfig   mutex: undefined }
7 silly initialize success
8 silly execute attempt
9 info Bootstrapping 21 packages
10 info lifecycle preinstall
11 silly runScript preinstall @open-city-protocol/web3-bzz
12 silly @open-city-protocol/web3-bzz
13 silly runScript preinstall @open-city-protocol/web3-core-helpers
14 silly @open-city-protocol/web3-core-helpers
15 silly runScript preinstall @open-city-protocol/web3-core-method
16 silly @open-city-protocol/web3-core-method
17 silly runScript preinstall @open-city-protocol/web3-core-promievent
18 silly @open-city-protocol/web3-core-promievent
19 silly runScript preinstall @open-city-protocol/web3-core-requestmanager
20 silly @open-city-protocol/web3-core-requestmanager
21 silly runScript preinstall @open-city-protocol/web3-core-subscriptions
22 silly @open-city-protocol/web3-core-subscriptions
23 silly runScript preinstall @open-city-protocol/web3-core
24 silly @open-city-protocol/web3-core
25 silly runScript preinstall @open-city-protocol/web3-eth-abi
26 silly @open-city-protocol/web3-eth-abi
27 silly runScript preinstall @open-city-protocol/web3-eth-accounts
28 silly @open-city-protocol/web3-eth-accounts
29 silly runScript preinstall @open-city-protocol/web3-eth-contract
30 silly @open-city-protocol/web3-eth-contract
31 silly runScript preinstall @open-city-protocol/web3-eth-ens
32 silly @open-city-protocol/web3-eth-ens
33 silly runScript preinstall @open-city-protocol/web3-eth-iban
34 silly @open-city-protocol/web3-eth-iban
35 silly runScript preinstall @open-city-protocol/web3-eth-personal
36 silly @open-city-protocol/web3-eth-personal
37 silly runScript preinstall @open-city-protocol/web3-eth
38 silly @open-city-protocol/web3-eth
39 silly runScript preinstall @open-city-protocol/web3-net
40 silly @open-city-protocol/web3-net
41 silly runScript preinstall @open-city-protocol/web3-providers-http
42 silly @open-city-protocol/web3-providers-http
43 silly runScript preinstall @open-city-protocol/web3-providers-ipc
44 silly @open-city-protocol/web3-providers-ipc
45 silly runScript preinstall @open-city-protocol/web3-providers-ws
46 silly @open-city-protocol/web3-providers-ws
47 silly runScript preinstall @open-city-protocol/web3-shh
48 silly @open-city-protocol/web3-shh
49 silly runScript preinstall @open-city-protocol/web3-utils
50 silly @open-city-protocol/web3-utils
51 silly runScript preinstall @open-city-protocol/web3
52 silly @open-city-protocol/web3
53 silly hasDependencyInstalled @open-city-protocol/web3-eth-iban bn.js
54 silly dependencyIsSatisfied [ 'bn.js',
54 silly dependencyIsSatisfied   '4.11.6',
54 silly dependencyIsSatisfied   '/home/jeichel/workspace/web3.js/packages/web3-eth-iban/node_modules' ]
55 verbose dependencyIsSatisfied bn.js true
56 silly hasDependencyInstalled @open-city-protocol/web3-utils bn.js
57 silly dependencyIsSatisfied [ 'bn.js',
57 silly dependencyIsSatisfied   '4.11.6',
57 silly dependencyIsSatisfied   '/home/jeichel/workspace/web3.js/packages/web3-utils/node_modules' ]
58 verbose dependencyIsSatisfied bn.js true
59 silly hasDependencyInstalled @open-city-protocol/web3-bzz underscore
60 silly dependencyIsSatisfied [ 'underscore',
60 silly dependencyIsSatisfied   '1.8.3',
60 silly dependencyIsSatisfied   '/home/jeichel/workspace/web3.js/packages/web3-bzz/node_modules' ]
61 verbose dependencyIsSatisfied underscore true
62 silly hasDependencyInstalled @open-city-protocol/web3-core-helpers underscore
63 silly dependencyIsSatisfied [ 'underscore',
63 silly dependencyIsSatisfied   '1.8.3',
63 silly dependencyIsSatisfied   '/home/jeichel/workspace/web3.js/packages/web3-core-helpers/node_modules' ]
64 verbose dependencyIsSatisfied underscore true
65 silly hasDependencyInstalled @open-city-protocol/web3-core-method underscore
66 silly dependencyIsSatisfied [ 'underscore',
66 silly dependencyIsSatisfied   '1.8.3',
66 silly dependencyIsSatisfied   '/home/jeichel/workspace/web3.js/packages/web3-core-method/node_modules' ]
67 verbose dependencyIsSatisfied underscore true
68 silly hasDependencyInstalled @open-city-protocol/web3-core-requestmanager underscore
69 silly dependencyIsSatisfied [ 'underscore',
69 silly dependencyIsSatisfied   '1.8.3',
69 silly dependencyIsSatisfied   '/home/jeichel/workspace/web3.js/packages/web3-core-requestmanager/node_modules' ]
70 verbose dependencyIsSatisfied underscore true
71 silly hasDependencyInstalled @open-city-protocol/web3-core-subscriptions underscore
72 silly dependencyIsSatisfied [ 'underscore',
72 silly dependencyIsSatisfied   '1.8.3',
72 silly dependencyIsSatisfied   '/home/jeichel/workspace/web3.js/packages/web3-core-subscriptions/node_modules' ]
73 verbose dependencyIsSatisfied underscore true
74 silly hasDependencyInstalled @open-city-protocol/web3-eth-abi underscore
75 silly dependencyIsSatisfied [ 'underscore',
75 silly dependencyIsSatisfied   '1.8.3',
75 silly dependencyIsSatisfied   '/home/jeichel/workspace/web3.js/packages/web3-eth-abi/node_modules' ]
76 verbose dependencyIsSatisfied underscore true
77 silly hasDependencyInstalled @open-city-protocol/web3-eth-accounts underscore
78 silly dependencyIsSatisfied [ 'underscore',
78 silly dependencyIsSatisfied   '1.8.3',
78 silly dependencyIsSatisfied   '/home/jeichel/workspace/web3.js/packages/web3-eth-accounts/node_modules' ]
79 verbose dependencyIsSatisfied underscore true
80 silly hasDependencyInstalled @open-city-protocol/web3-eth-contract underscore
81 silly dependencyIsSatisfied [ 'underscore',
81 silly dependencyIsSatisfied   '1.8.3',
81 silly dependencyIsSatisfied   '/home/jeichel/workspace/web3.js/packages/web3-eth-contract/node_modules' ]
82 verbose dependencyIsSatisfied underscore true
83 silly hasDependencyInstalled @open-city-protocol/web3-eth-ens underscore
84 silly dependencyIsSatisfied [ 'underscore',
84 silly dependencyIsSatisfied   '1.8.3',
84 silly dependencyIsSatisfied   '/home/jeichel/workspace/web3.js/packages/web3-eth-ens/node_modules' ]
85 verbose dependencyIsSatisfied underscore true
86 silly hasDependencyInstalled @open-city-protocol/web3-eth underscore
87 silly dependencyIsSatisfied [ 'underscore',
87 silly dependencyIsSatisfied   '1.8.3',
87 silly dependencyIsSatisfied   '/home/jeichel/workspace/web3.js/packages/web3-eth/node_modules' ]
88 verbose dependencyIsSatisfied underscore true
89 silly hasDependencyInstalled @open-city-protocol/web3-providers-ipc underscore
90 silly dependencyIsSatisfied [ 'underscore',
90 silly dependencyIsSatisfied   '1.8.3',
90 silly dependencyIsSatisfied   '/home/jeichel/workspace/web3.js/packages/web3-providers-ipc/node_modules' ]
91 verbose dependencyIsSatisfied underscore true
92 silly hasDependencyInstalled @open-city-protocol/web3-providers-ws underscore
93 silly dependencyIsSatisfied [ 'underscore',
93 silly dependencyIsSatisfied   '1.8.3',
93 silly dependencyIsSatisfied   '/home/jeichel/workspace/web3.js/packages/web3-providers-ws/node_modules' ]
94 verbose dependencyIsSatisfied underscore true
95 silly hasDependencyInstalled @open-city-protocol/web3-utils underscore
96 silly dependencyIsSatisfied [ 'underscore',
96 silly dependencyIsSatisfied   '1.8.3',
96 silly dependencyIsSatisfied   '/home/jeichel/workspace/web3.js/packages/web3-utils/node_modules' ]
97 verbose dependencyIsSatisfied underscore true
98 silly hasDependencyInstalled @open-city-protocol/web3-bzz got
99 silly dependencyIsSatisfied [ 'got',
99 silly dependencyIsSatisfied   '7.1.0',
99 silly dependencyIsSatisfied   '/home/jeichel/workspace/web3.js/packages/web3-bzz/node_modules' ]
100 verbose dependencyIsSatisfied got true
101 silly hasDependencyInstalled @open-city-protocol/web3-bzz swarm-js
102 silly dependencyIsSatisfied [ 'swarm-js',
102 silly dependencyIsSatisfied   '0.1.37',
102 silly dependencyIsSatisfied   '/home/jeichel/workspace/web3.js/packages/web3-bzz/node_modules' ]
103 verbose dependencyIsSatisfied swarm-js true
104 silly hasDependencyInstalled @open-city-protocol/web3-core-helpers web3-eth-iban
105 silly dependencyIsSatisfied [ 'web3-eth-iban',
105 silly dependencyIsSatisfied   '1.0.0-beta.36.1',
105 silly dependencyIsSatisfied   '/home/jeichel/workspace/web3.js/packages/web3-core-helpers/node_modules' ]
106 verbose dependencyIsSatisfied web3-eth-iban true
107 silly hasDependencyInstalled @open-city-protocol/web3-eth web3-eth-iban
108 silly dependencyIsSatisfied [ 'web3-eth-iban',
108 silly dependencyIsSatisfied   '1.0.0-beta.36.1',
108 silly dependencyIsSatisfied   '/home/jeichel/workspace/web3.js/packages/web3-eth/node_modules' ]
109 verbose dependencyIsSatisfied web3-eth-iban true
110 silly hasDependencyInstalled @open-city-protocol/web3-core-helpers web3-utils
111 silly dependencyIsSatisfied [ 'web3-utils',
111 silly dependencyIsSatisfied   '1.0.0-beta.36.1',
111 silly dependencyIsSatisfied   '/home/jeichel/workspace/web3.js/packages/web3-core-helpers/node_modules' ]
112 verbose dependencyIsSatisfied web3-utils true
113 silly hasDependencyInstalled @open-city-protocol/web3-core-method web3-utils
114 silly dependencyIsSatisfied [ 'web3-utils',
114 silly dependencyIsSatisfied   '1.0.0-beta.36.1',
114 silly dependencyIsSatisfied   '/home/jeichel/workspace/web3.js/packages/web3-core-method/node_modules' ]
115 verbose dependencyIsSatisfied web3-utils true
116 silly hasDependencyInstalled @open-city-protocol/web3-core web3-utils
117 silly dependencyIsSatisfied [ 'web3-utils',
117 silly dependencyIsSatisfied   '1.0.0-beta.36.1',
117 silly dependencyIsSatisfied   '/home/jeichel/workspace/web3.js/packages/web3-core/node_modules' ]
118 verbose dependencyIsSatisfied web3-utils true
119 silly hasDependencyInstalled @open-city-protocol/web3-eth-abi web3-utils
120 silly dependencyIsSatisfied [ 'web3-utils',
120 silly dependencyIsSatisfied   '1.0.0-beta.36.1',
120 silly dependencyIsSatisfied   '/home/jeichel/workspace/web3.js/packages/web3-eth-abi/node_modules' ]
121 verbose dependencyIsSatisfied web3-utils true
122 silly hasDependencyInstalled @open-city-protocol/web3-eth-accounts web3-utils
123 silly dependencyIsSatisfied [ 'web3-utils',
123 silly dependencyIsSatisfied   '1.0.0-beta.36.1',
123 silly dependencyIsSatisfied   '/home/jeichel/workspace/web3.js/packages/web3-eth-accounts/node_modules' ]
124 verbose dependencyIsSatisfied web3-utils true
125 silly hasDependencyInstalled @open-city-protocol/web3-eth-contract web3-utils
126 silly dependencyIsSatisfied [ 'web3-utils',
126 silly dependencyIsSatisfied   '1.0.0-beta.36.1',
126 silly dependencyIsSatisfied   '/home/jeichel/workspace/web3.js/packages/web3-eth-contract/node_modules' ]
127 verbose dependencyIsSatisfied web3-utils true
128 silly hasDependencyInstalled @open-city-protocol/web3-eth-ens web3-utils
129 silly dependencyIsSatisfied [ 'web3-utils',
129 silly dependencyIsSatisfied   '1.0.0-beta.36.1',
129 silly dependencyIsSatisfied   '/home/jeichel/workspace/web3.js/packages/web3-eth-ens/node_modules' ]
130 verbose dependencyIsSatisfied web3-utils true
131 silly hasDependencyInstalled @open-city-protocol/web3-eth-iban web3-utils
132 silly dependencyIsSatisfied [ 'web3-utils',
132 silly dependencyIsSatisfied   '1.0.0-beta.36.1',
132 silly dependencyIsSatisfied   '/home/jeichel/workspace/web3.js/packages/web3-eth-iban/node_modules' ]
133 verbose dependencyIsSatisfied web3-utils true
134 silly hasDependencyInstalled @open-city-protocol/web3-eth-personal web3-utils
135 silly dependencyIsSatisfied [ 'web3-utils',
135 silly dependencyIsSatisfied   '1.0.0-beta.36.1',
135 silly dependencyIsSatisfied   '/home/jeichel/workspace/web3.js/packages/web3-eth-personal/node_modules' ]
136 verbose dependencyIsSatisfied web3-utils true
137 silly hasDependencyInstalled @open-city-protocol/web3-eth web3-utils
138 silly dependencyIsSatisfied [ 'web3-utils',
138 silly dependencyIsSatisfied   '1.0.0-beta.36.1',
138 silly dependencyIsSatisfied   '/home/jeichel/workspace/web3.js/packages/web3-eth/node_modules' ]
139 verbose dependencyIsSatisfied web3-utils true
140 silly hasDependencyInstalled @open-city-protocol/web3-net web3-utils
141 silly dependencyIsSatisfied [ 'web3-utils',
141 silly dependencyIsSatisfied   '1.0.0-beta.36.1',
141 silly dependencyIsSatisfied   '/home/jeichel/workspace/web3.js/packages/web3-net/node_modules' ]
142 verbose dependencyIsSatisfied web3-utils true
143 silly hasDependencyInstalled @open-city-protocol/web3 web3-utils
144 silly dependencyIsSatisfied [ 'web3-utils',
144 silly dependencyIsSatisfied   '1.0.0-beta.36.1',
144 silly dependencyIsSatisfied   '/home/jeichel/workspace/web3.js/packages/web3/node_modules' ]
145 verbose dependencyIsSatisfied web3-utils true
146 silly hasDependencyInstalled @open-city-protocol/web3-core-method web3-core-helpers
147 silly dependencyIsSatisfied [ 'web3-core-helpers',
147 silly dependencyIsSatisfied   '1.0.0-beta.36.1',
147 silly dependencyIsSatisfied   '/home/jeichel/workspace/web3.js/packages/web3-core-method/node_modules' ]
148 verbose dependencyIsSatisfied web3-core-helpers true
149 silly hasDependencyInstalled @open-city-protocol/web3-core-requestmanager web3-core-helpers
150 silly dependencyIsSatisfied [ 'web3-core-helpers',
150 silly dependencyIsSatisfied   '1.0.0-beta.36.1',
150 silly dependencyIsSatisfied   '/home/jeichel/workspace/web3.js/packages/web3-core-requestmanager/node_modules' ]
151 verbose dependencyIsSatisfied web3-core-helpers true
152 silly hasDependencyInstalled @open-city-protocol/web3-core-subscriptions web3-core-helpers
153 silly dependencyIsSatisfied [ 'web3-core-helpers',
153 silly dependencyIsSatisfied   '1.0.0-beta.36.1',
153 silly dependencyIsSatisfied   '/home/jeichel/workspace/web3.js/packages/web3-core-subscriptions/node_modules' ]
154 verbose dependencyIsSatisfied web3-core-helpers true
155 silly hasDependencyInstalled @open-city-protocol/web3-core web3-core-helpers
156 silly dependencyIsSatisfied [ 'web3-core-helpers',
156 silly dependencyIsSatisfied   '1.0.0-beta.36.1',
156 silly dependencyIsSatisfied   '/home/jeichel/workspace/web3.js/packages/web3-core/node_modules' ]
157 verbose dependencyIsSatisfied web3-core-helpers true
158 silly hasDependencyInstalled @open-city-protocol/web3-eth-accounts web3-core-helpers
159 silly dependencyIsSatisfied [ 'web3-core-helpers',
159 silly dependencyIsSatisfied   '1.0.0-beta.36.1',
159 silly dependencyIsSatisfied   '/home/jeichel/workspace/web3.js/packages/web3-eth-accounts/node_modules' ]
160 verbose dependencyIsSatisfied web3-core-helpers true
161 silly hasDependencyInstalled @open-city-protocol/web3-eth-contract web3-core-helpers
162 silly dependencyIsSatisfied [ 'web3-core-helpers',
162 silly dependencyIsSatisfied   '1.0.0-beta.36.1',
162 silly dependencyIsSatisfied   '/home/jeichel/workspace/web3.js/packages/web3-eth-contract/node_modules' ]
163 verbose dependencyIsSatisfied web3-core-helpers true
164 silly hasDependencyInstalled @open-city-protocol/web3-eth-ens web3-core-helpers
165 silly dependencyIsSatisfied [ 'web3-core-helpers',
165 silly dependencyIsSatisfied   '1.0.0-beta.36.1',
165 silly dependencyIsSatisfied   '/home/jeichel/workspace/web3.js/packages/web3-eth-ens/node_modules' ]
166 verbose dependencyIsSatisfied web3-core-helpers true
167 silly hasDependencyInstalled @open-city-protocol/web3-eth-personal web3-core-helpers
168 silly dependencyIsSatisfied [ 'web3-core-helpers',
168 silly dependencyIsSatisfied   '1.0.0-beta.36.1',
168 silly dependencyIsSatisfied   '/home/jeichel/workspace/web3.js/packages/web3-eth-personal/node_modules' ]
169 verbose dependencyIsSatisfied web3-core-helpers true
170 silly hasDependencyInstalled @open-city-protocol/web3-eth web3-core-helpers
171 silly dependencyIsSatisfied [ 'web3-core-helpers',
171 silly dependencyIsSatisfied   '1.0.0-beta.36.1',
171 silly dependencyIsSatisfied   '/home/jeichel/workspace/web3.js/packages/web3-eth/node_modules' ]
172 verbose dependencyIsSatisfied web3-core-helpers true
173 silly hasDependencyInstalled @open-city-protocol/web3-providers-http web3-core-helpers
174 silly dependencyIsSatisfied [ 'web3-core-helpers',
174 silly dependencyIsSatisfied   '1.0.0-beta.36.1',
174 silly dependencyIsSatisfied   '/home/jeichel/workspace/web3.js/packages/web3-providers-http/node_modules' ]
175 verbose dependencyIsSatisfied web3-core-helpers true
176 silly hasDependencyInstalled @open-city-protocol/web3-providers-ipc web3-core-helpers
177 silly dependencyIsSatisfied [ 'web3-core-helpers',
177 silly dependencyIsSatisfied   '1.0.0-beta.36.1',
177 silly dependencyIsSatisfied   '/home/jeichel/workspace/web3.js/packages/web3-providers-ipc/node_modules' ]
178 verbose dependencyIsSatisfied web3-core-helpers true
179 silly hasDependencyInstalled @open-city-protocol/web3-providers-ws web3-core-helpers
180 silly dependencyIsSatisfied [ 'web3-core-helpers',
180 silly dependencyIsSatisfied   '1.0.0-beta.36.1',
180 silly dependencyIsSatisfied   '/home/jeichel/workspace/web3.js/packages/web3-providers-ws/node_modules' ]
181 verbose dependencyIsSatisfied web3-core-helpers true
182 silly hasDependencyInstalled @open-city-protocol/web3-core-method web3-core-promievent
183 silly dependencyIsSatisfied [ 'web3-core-promievent',
183 silly dependencyIsSatisfied   '1.0.0-beta.36.1',
183 silly dependencyIsSatisfied   '/home/jeichel/workspace/web3.js/packages/web3-core-method/node_modules' ]
184 verbose dependencyIsSatisfied web3-core-promievent true
185 silly hasDependencyInstalled @open-city-protocol/web3-eth-contract web3-core-promievent
186 silly dependencyIsSatisfied [ 'web3-core-promievent',
186 silly dependencyIsSatisfied   '1.0.0-beta.36.1',
186 silly dependencyIsSatisfied   '/home/jeichel/workspace/web3.js/packages/web3-eth-contract/node_modules' ]
187 verbose dependencyIsSatisfied web3-core-promievent true
188 silly hasDependencyInstalled @open-city-protocol/web3-eth-ens web3-core-promievent
189 silly dependencyIsSatisfied [ 'web3-core-promievent',
189 silly dependencyIsSatisfied   '1.0.0-beta.36.1',
189 silly dependencyIsSatisfied   '/home/jeichel/workspace/web3.js/packages/web3-eth-ens/node_modules' ]
190 verbose dependencyIsSatisfied web3-core-promievent true
191 silly hasDependencyInstalled @open-city-protocol/web3-core-method web3-core-subscriptions
192 silly dependencyIsSatisfied [ 'web3-core-subscriptions',
192 silly dependencyIsSatisfied   '1.0.0-beta.36.1',
192 silly dependencyIsSatisfied   '/home/jeichel/workspace/web3.js/packages/web3-core-method/node_modules' ]
193 verbose dependencyIsSatisfied web3-core-subscriptions true
194 silly hasDependencyInstalled @open-city-protocol/web3-eth-contract web3-core-subscriptions
195 silly dependencyIsSatisfied [ 'web3-core-subscriptions',
195 silly dependencyIsSatisfied   '1.0.0-beta.36.1',
195 silly dependencyIsSatisfied   '/home/jeichel/workspace/web3.js/packages/web3-eth-contract/node_modules' ]
196 verbose dependencyIsSatisfied web3-core-subscriptions true
197 silly hasDependencyInstalled @open-city-protocol/web3-eth web3-core-subscriptions
198 silly dependencyIsSatisfied [ 'web3-core-subscriptions',
198 silly dependencyIsSatisfied   '1.0.0-beta.36.1',
198 silly dependencyIsSatisfied   '/home/jeichel/workspace/web3.js/packages/web3-eth/node_modules' ]
199 verbose dependencyIsSatisfied web3-core-subscriptions true
200 silly hasDependencyInstalled @open-city-protocol/web3-shh web3-core-subscriptions
201 silly dependencyIsSatisfied [ 'web3-core-subscriptions',
201 silly dependencyIsSatisfied   '1.0.0-beta.36.1',
201 silly dependencyIsSatisfied   '/home/jeichel/workspace/web3.js/packages/web3-shh/node_modules' ]
202 verbose dependencyIsSatisfied web3-core-subscriptions true
203 silly hasDependencyInstalled @open-city-protocol/web3-core-promievent any-promise
204 silly dependencyIsSatisfied [ 'any-promise',
204 silly dependencyIsSatisfied   '1.3.0',
204 silly dependencyIsSatisfied   '/home/jeichel/workspace/web3.js/packages/web3-core-promievent/node_modules' ]
205 verbose dependencyIsSatisfied any-promise true
206 silly hasDependencyInstalled @open-city-protocol/web3-eth-accounts any-promise
207 silly dependencyIsSatisfied [ 'any-promise',
207 silly dependencyIsSatisfied   '1.3.0',
207 silly dependencyIsSatisfied   '/home/jeichel/workspace/web3.js/packages/web3-eth-accounts/node_modules' ]
208 verbose dependencyIsSatisfied any-promise true
209 silly hasDependencyInstalled @open-city-protocol/web3-core-promievent eventemitter3
210 silly dependencyIsSatisfied [ 'eventemitter3',
210 silly dependencyIsSatisfied   '1.1.1',
210 silly dependencyIsSatisfied   '/home/jeichel/workspace/web3.js/packages/web3-core-promievent/node_modules' ]
211 verbose dependencyIsSatisfied eventemitter3 true
212 silly hasDependencyInstalled @open-city-protocol/web3-core-subscriptions eventemitter3
213 silly dependencyIsSatisfied [ 'eventemitter3',
213 silly dependencyIsSatisfied   '1.1.1',
213 silly dependencyIsSatisfied   '/home/jeichel/workspace/web3.js/packages/web3-core-subscriptions/node_modules' ]
214 verbose dependencyIsSatisfied eventemitter3 true
215 silly hasDependencyInstalled @open-city-protocol/web3-core-requestmanager web3-providers-http
216 silly dependencyIsSatisfied [ 'web3-providers-http',
216 silly dependencyIsSatisfied   '1.0.0-beta.36.1',
216 silly dependencyIsSatisfied   '/home/jeichel/workspace/web3.js/packages/web3-core-requestmanager/node_modules' ]
217 verbose dependencyIsSatisfied web3-providers-http true
218 silly hasDependencyInstalled @open-city-protocol/web3-core-requestmanager web3-providers-ipc
219 silly dependencyIsSatisfied [ 'web3-providers-ipc',
219 silly dependencyIsSatisfied   '1.0.0-beta.36.1',
219 silly dependencyIsSatisfied   '/home/jeichel/workspace/web3.js/packages/web3-core-requestmanager/node_modules' ]
220 verbose dependencyIsSatisfied web3-providers-ipc true
221 silly hasDependencyInstalled @open-city-protocol/web3-core-requestmanager web3-providers-ws
222 silly dependencyIsSatisfied [ 'web3-providers-ws',
222 silly dependencyIsSatisfied   '1.0.0-beta.36.1',
222 silly dependencyIsSatisfied   '/home/jeichel/workspace/web3.js/packages/web3-core-requestmanager/node_modules' ]
223 verbose dependencyIsSatisfied web3-providers-ws true
224 silly hasDependencyInstalled @open-city-protocol/web3-core web3-core-method
225 silly dependencyIsSatisfied [ 'web3-core-method',
225 silly dependencyIsSatisfied   '1.0.0-beta.36.1',
225 silly dependencyIsSatisfied   '/home/jeichel/workspace/web3.js/packages/web3-core/node_modules' ]
226 verbose dependencyIsSatisfied web3-core-method true
227 silly hasDependencyInstalled @open-city-protocol/web3-eth-accounts web3-core-method
228 silly dependencyIsSatisfied [ 'web3-core-method',
228 silly dependencyIsSatisfied   '1.0.0-beta.36.1',
228 silly dependencyIsSatisfied   '/home/jeichel/workspace/web3.js/packages/web3-eth-accounts/node_modules' ]
229 verbose dependencyIsSatisfied web3-core-method true
230 silly hasDependencyInstalled @open-city-protocol/web3-eth-contract web3-core-method
231 silly dependencyIsSatisfied [ 'web3-core-method',
231 silly dependencyIsSatisfied   '1.0.0-beta.36.1',
231 silly dependencyIsSatisfied   '/home/jeichel/workspace/web3.js/packages/web3-eth-contract/node_modules' ]
232 verbose dependencyIsSatisfied web3-core-method true
233 silly hasDependencyInstalled @open-city-protocol/web3-eth-personal web3-core-method
234 silly dependencyIsSatisfied [ 'web3-core-method',
234 silly dependencyIsSatisfied   '1.0.0-beta.36.1',
234 silly dependencyIsSatisfied   '/home/jeichel/workspace/web3.js/packages/web3-eth-personal/node_modules' ]
235 verbose dependencyIsSatisfied web3-core-method true
236 silly hasDependencyInstalled @open-city-protocol/web3-eth web3-core-method
237 silly dependencyIsSatisfied [ 'web3-core-method',
237 silly dependencyIsSatisfied   '1.0.0-beta.36.1',
237 silly dependencyIsSatisfied   '/home/jeichel/workspace/web3.js/packages/web3-eth/node_modules' ]
238 verbose dependencyIsSatisfied web3-core-method true
239 silly hasDependencyInstalled @open-city-protocol/web3-net web3-core-method
240 silly dependencyIsSatisfied [ 'web3-core-method',
240 silly dependencyIsSatisfied   '1.0.0-beta.36.1',
240 silly dependencyIsSatisfied   '/home/jeichel/workspace/web3.js/packages/web3-net/node_modules' ]
241 verbose dependencyIsSatisfied web3-core-method true
242 silly hasDependencyInstalled @open-city-protocol/web3-shh web3-core-method
243 silly dependencyIsSatisfied [ 'web3-core-method',
243 silly dependencyIsSatisfied   '1.0.0-beta.36.1',
243 silly dependencyIsSatisfied   '/home/jeichel/workspace/web3.js/packages/web3-shh/node_modules' ]
244 verbose dependencyIsSatisfied web3-core-method true
245 silly hasDependencyInstalled @open-city-protocol/web3-core web3-core-requestmanager
246 silly dependencyIsSatisfied [ 'web3-core-requestmanager',
246 silly dependencyIsSatisfied   '1.0.0-beta.36.1',
246 silly dependencyIsSatisfied   '/home/jeichel/workspace/web3.js/packages/web3-core/node_modules' ]
247 verbose dependencyIsSatisfied web3-core-requestmanager true
248 silly hasDependencyInstalled @open-city-protocol/web3-eth-abi ethers
249 silly dependencyIsSatisfied [ 'ethers',
249 silly dependencyIsSatisfied   '4.0.0-beta.1',
249 silly dependencyIsSatisfied   '/home/jeichel/workspace/web3.js/packages/web3-eth-abi/node_modules' ]
250 verbose dependencyIsSatisfied ethers true
251 silly hasDependencyInstalled @open-city-protocol/web3-eth-accounts crypto-browserify
252 silly dependencyIsSatisfied [ 'crypto-browserify',
252 silly dependencyIsSatisfied   '3.12.0',
252 silly dependencyIsSatisfied   '/home/jeichel/workspace/web3.js/packages/web3-eth-accounts/node_modules' ]
253 verbose dependencyIsSatisfied crypto-browserify true
254 silly hasDependencyInstalled @open-city-protocol/web3-eth-accounts eth-lib
255 silly dependencyIsSatisfied [ 'eth-lib',
255 silly dependencyIsSatisfied   '0.2.7',
255 silly dependencyIsSatisfied   '/home/jeichel/workspace/web3.js/packages/web3-eth-accounts/node_modules' ]
256 verbose dependencyIsSatisfied eth-lib true
257 silly hasDependencyInstalled @open-city-protocol/web3-utils eth-lib
258 silly dependencyIsSatisfied [ 'eth-lib',
258 silly dependencyIsSatisfied   '0.1.27',
258 silly dependencyIsSatisfied   '/home/jeichel/workspace/web3.js/packages/web3-utils/node_modules' ]
259 verbose dependencyIsSatisfied eth-lib true
260 silly hasDependencyInstalled @open-city-protocol/web3-eth-accounts scrypt.js
261 silly dependencyIsSatisfied [ 'scrypt.js',
261 silly dependencyIsSatisfied   '0.2.0',
261 silly dependencyIsSatisfied   '/home/jeichel/workspace/web3.js/packages/web3-eth-accounts/node_modules' ]
262 verbose dependencyIsSatisfied scrypt.js true
263 silly hasDependencyInstalled @open-city-protocol/web3-eth-accounts uuid
264 silly dependencyIsSatisfied [ 'uuid',
264 silly dependencyIsSatisfied   '2.0.1',
264 silly dependencyIsSatisfied   '/home/jeichel/workspace/web3.js/packages/web3-eth-accounts/node_modules' ]
265 verbose dependencyIsSatisfied uuid true
266 silly hasDependencyInstalled @open-city-protocol/web3-eth-accounts web3-core
267 silly dependencyIsSatisfied [ 'web3-core',
267 silly dependencyIsSatisfied   '1.0.0-beta.36.1',
267 silly dependencyIsSatisfied   '/home/jeichel/workspace/web3.js/packages/web3-eth-accounts/node_modules' ]
268 verbose dependencyIsSatisfied web3-core true
269 silly hasDependencyInstalled @open-city-protocol/web3-eth-contract web3-core
270 silly dependencyIsSatisfied [ 'web3-core',
270 silly dependencyIsSatisfied   '1.0.0-beta.36.1',
270 silly dependencyIsSatisfied   '/home/jeichel/workspace/web3.js/packages/web3-eth-contract/node_modules' ]
271 verbose dependencyIsSatisfied web3-core true
272 silly hasDependencyInstalled @open-city-protocol/web3-eth-ens web3-core
273 silly dependencyIsSatisfied [ 'web3-core',
273 silly dependencyIsSatisfied   '1.0.0-beta.36.1',
273 silly dependencyIsSatisfied   '/home/jeichel/workspace/web3.js/packages/web3-eth-ens/node_modules' ]
274 verbose dependencyIsSatisfied web3-core true
275 silly hasDependencyInstalled @open-city-protocol/web3-eth-personal web3-core
276 silly dependencyIsSatisfied [ 'web3-core',
276 silly dependencyIsSatisfied   '1.0.0-beta.36.1',
276 silly dependencyIsSatisfied   '/home/jeichel/workspace/web3.js/packages/web3-eth-personal/node_modules' ]
277 verbose dependencyIsSatisfied web3-core true
278 silly hasDependencyInstalled @open-city-protocol/web3-eth web3-core
279 silly dependencyIsSatisfied [ 'web3-core',
279 silly dependencyIsSatisfied   '1.0.0-beta.36.1',
279 silly dependencyIsSatisfied   '/home/jeichel/workspace/web3.js/packages/web3-eth/node_modules' ]
280 verbose dependencyIsSatisfied web3-core true
281 silly hasDependencyInstalled @open-city-protocol/web3-net web3-core
282 silly dependencyIsSatisfied [ 'web3-core',
282 silly dependencyIsSatisfied   '1.0.0-beta.36.1',
282 silly dependencyIsSatisfied   '/home/jeichel/workspace/web3.js/packages/web3-net/node_modules' ]
283 verbose dependencyIsSatisfied web3-core true
284 silly hasDependencyInstalled @open-city-protocol/web3-shh web3-core
285 silly dependencyIsSatisfied [ 'web3-core',
285 silly dependencyIsSatisfied   '1.0.0-beta.36.1',
285 silly dependencyIsSatisfied   '/home/jeichel/workspace/web3.js/packages/web3-shh/node_modules' ]
286 verbose dependencyIsSatisfied web3-core true
287 silly hasDependencyInstalled @open-city-protocol/web3 web3-core
288 silly dependencyIsSatisfied [ 'web3-core',
288 silly dependencyIsSatisfied   '1.0.0-beta.36.1',
288 silly dependencyIsSatisfied   '/home/jeichel/workspace/web3.js/packages/web3/node_modules' ]
289 verbose dependencyIsSatisfied web3-core true
290 silly hasDependencyInstalled @open-city-protocol/web3-eth-contract web3-eth-abi
291 silly dependencyIsSatisfied [ 'web3-eth-abi',
291 silly dependencyIsSatisfied   '1.0.0-beta.36.1',
291 silly dependencyIsSatisfied   '/home/jeichel/workspace/web3.js/packages/web3-eth-contract/node_modules' ]
292 verbose dependencyIsSatisfied web3-eth-abi true
293 silly hasDependencyInstalled @open-city-protocol/web3-eth-ens web3-eth-abi
294 silly dependencyIsSatisfied [ 'web3-eth-abi',
294 silly dependencyIsSatisfied   '1.0.0-beta.36.1',
294 silly dependencyIsSatisfied   '/home/jeichel/workspace/web3.js/packages/web3-eth-ens/node_modules' ]
295 verbose dependencyIsSatisfied web3-eth-abi true
296 silly hasDependencyInstalled @open-city-protocol/web3-eth web3-eth-abi
297 silly dependencyIsSatisfied [ 'web3-eth-abi',
297 silly dependencyIsSatisfied   '1.0.0-beta.36.1',
297 silly dependencyIsSatisfied   '/home/jeichel/workspace/web3.js/packages/web3-eth/node_modules' ]
298 verbose dependencyIsSatisfied web3-eth-abi true
299 silly hasDependencyInstalled @open-city-protocol/web3-eth-ens eth-ens-namehash
300 silly dependencyIsSatisfied [ 'eth-ens-namehash',
300 silly dependencyIsSatisfied   '2.0.8',
300 silly dependencyIsSatisfied   '/home/jeichel/workspace/web3.js/packages/web3-eth-ens/node_modules' ]
301 verbose dependencyIsSatisfied eth-ens-namehash true
302 silly hasDependencyInstalled @open-city-protocol/web3-eth-ens web3-eth-contract
303 silly dependencyIsSatisfied [ 'web3-eth-contract',
303 silly dependencyIsSatisfied   '1.0.0-beta.36.1',
303 silly dependencyIsSatisfied   '/home/jeichel/workspace/web3.js/packages/web3-eth-ens/node_modules' ]
304 verbose dependencyIsSatisfied web3-eth-contract true
305 silly hasDependencyInstalled @open-city-protocol/web3-eth web3-eth-contract
306 silly dependencyIsSatisfied [ 'web3-eth-contract',
306 silly dependencyIsSatisfied   '1.0.0-beta.36.1',
306 silly dependencyIsSatisfied   '/home/jeichel/workspace/web3.js/packages/web3-eth/node_modules' ]
307 verbose dependencyIsSatisfied web3-eth-contract true
308 silly hasDependencyInstalled @open-city-protocol/web3-eth-personal web3-net
309 silly dependencyIsSatisfied [ 'web3-net',
309 silly dependencyIsSatisfied   '1.0.0-beta.36.1',
309 silly dependencyIsSatisfied   '/home/jeichel/workspace/web3.js/packages/web3-eth-personal/node_modules' ]
310 verbose dependencyIsSatisfied web3-net true
311 silly hasDependencyInstalled @open-city-protocol/web3-eth web3-net
312 silly dependencyIsSatisfied [ 'web3-net',
312 silly dependencyIsSatisfied   '1.0.0-beta.36.1',
312 silly dependencyIsSatisfied   '/home/jeichel/workspace/web3.js/packages/web3-eth/node_modules' ]
313 verbose dependencyIsSatisfied web3-net true
314 silly hasDependencyInstalled @open-city-protocol/web3-shh web3-net
315 silly dependencyIsSatisfied [ 'web3-net',
315 silly dependencyIsSatisfied   '1.0.0-beta.36.1',
315 silly dependencyIsSatisfied   '/home/jeichel/workspace/web3.js/packages/web3-shh/node_modules' ]
316 verbose dependencyIsSatisfied web3-net true
317 silly hasDependencyInstalled @open-city-protocol/web3 web3-net
318 silly dependencyIsSatisfied [ 'web3-net',
318 silly dependencyIsSatisfied   '1.0.0-beta.36.1',
318 silly dependencyIsSatisfied   '/home/jeichel/workspace/web3.js/packages/web3/node_modules' ]
319 verbose dependencyIsSatisfied web3-net true
320 silly hasDependencyInstalled @open-city-protocol/web3-eth web3-eth-accounts
321 silly dependencyIsSatisfied [ 'web3-eth-accounts',
321 silly dependencyIsSatisfied   '1.0.0-beta.36.1',
321 silly dependencyIsSatisfied   '/home/jeichel/workspace/web3.js/packages/web3-eth/node_modules' ]
322 verbose dependencyIsSatisfied web3-eth-accounts true
323 silly hasDependencyInstalled @open-city-protocol/web3-eth web3-eth-ens
324 silly dependencyIsSatisfied [ 'web3-eth-ens',
324 silly dependencyIsSatisfied   '1.0.0-beta.36.1',
324 silly dependencyIsSatisfied   '/home/jeichel/workspace/web3.js/packages/web3-eth/node_modules' ]
325 verbose dependencyIsSatisfied web3-eth-ens true
326 silly hasDependencyInstalled @open-city-protocol/web3-eth web3-eth-personal
327 silly dependencyIsSatisfied [ 'web3-eth-personal',
327 silly dependencyIsSatisfied   '1.0.0-beta.36.1',
327 silly dependencyIsSatisfied   '/home/jeichel/workspace/web3.js/packages/web3-eth/node_modules' ]
328 verbose dependencyIsSatisfied web3-eth-personal true
329 silly hasDependencyInstalled @open-city-protocol/web3 web3-eth-personal
330 silly dependencyIsSatisfied [ 'web3-eth-personal',
330 silly dependencyIsSatisfied   '1.0.0-beta.36.1',
330 silly dependencyIsSatisfied   '/home/jeichel/workspace/web3.js/packages/web3/node_modules' ]
331 verbose dependencyIsSatisfied web3-eth-personal true
332 silly hasDependencyInstalled @open-city-protocol/web3-providers-http xhr2-cookies
333 silly dependencyIsSatisfied [ 'xhr2-cookies',
333 silly dependencyIsSatisfied   '1.1.0',
333 silly dependencyIsSatisfied   '/home/jeichel/workspace/web3.js/packages/web3-providers-http/node_modules' ]
334 verbose dependencyIsSatisfied xhr2-cookies true
335 silly hasDependencyInstalled @open-city-protocol/web3-providers-ipc oboe
336 silly dependencyIsSatisfied [ 'oboe',
336 silly dependencyIsSatisfied   '2.1.3',
336 silly dependencyIsSatisfied   '/home/jeichel/workspace/web3.js/packages/web3-providers-ipc/node_modules' ]
337 verbose dependencyIsSatisfied oboe true
338 silly hasDependencyInstalled @open-city-protocol/web3-providers-ws websocket
339 silly dependencyIsSatisfied [ 'websocket',
339 silly dependencyIsSatisfied   'git://github.com/frozeman/WebSocket-Node.git#browserifyCompatible',
339 silly dependencyIsSatisfied   '/home/jeichel/workspace/web3.js/packages/web3-providers-ws/node_modules' ]
340 verbose dependencyIsSatisfied websocket false
341 silly hasDependencyInstalled @open-city-protocol/web3-utils ethjs-unit
342 silly dependencyIsSatisfied [ 'ethjs-unit',
342 silly dependencyIsSatisfied   '0.1.6',
342 silly dependencyIsSatisfied   '/home/jeichel/workspace/web3.js/packages/web3-utils/node_modules' ]
343 verbose dependencyIsSatisfied ethjs-unit true
344 silly hasDependencyInstalled @open-city-protocol/web3-utils number-to-bn
345 silly dependencyIsSatisfied [ 'number-to-bn',
345 silly dependencyIsSatisfied   '1.7.0',
345 silly dependencyIsSatisfied   '/home/jeichel/workspace/web3.js/packages/web3-utils/node_modules' ]
346 verbose dependencyIsSatisfied number-to-bn true
347 silly hasDependencyInstalled @open-city-protocol/web3-utils randomhex
348 silly dependencyIsSatisfied [ 'randomhex',
348 silly dependencyIsSatisfied   '0.1.5',
348 silly dependencyIsSatisfied   '/home/jeichel/workspace/web3.js/packages/web3-utils/node_modules' ]
349 verbose dependencyIsSatisfied randomhex true
350 silly hasDependencyInstalled @open-city-protocol/web3-utils utf8
351 silly dependencyIsSatisfied [ 'utf8',
351 silly dependencyIsSatisfied   '2.1.1',
351 silly dependencyIsSatisfied   '/home/jeichel/workspace/web3.js/packages/web3-utils/node_modules' ]
352 verbose dependencyIsSatisfied utf8 true
353 silly hasDependencyInstalled @open-city-protocol/web3 web3-bzz
354 silly dependencyIsSatisfied [ 'web3-bzz',
354 silly dependencyIsSatisfied   '1.0.0-beta.36.1',
354 silly dependencyIsSatisfied   '/home/jeichel/workspace/web3.js/packages/web3/node_modules' ]
355 verbose dependencyIsSatisfied web3-bzz true
356 silly hasDependencyInstalled @open-city-protocol/web3 web3-eth
357 silly dependencyIsSatisfied [ 'web3-eth',
357 silly dependencyIsSatisfied   '1.0.0-beta.36.1',
357 silly dependencyIsSatisfied   '/home/jeichel/workspace/web3.js/packages/web3/node_modules' ]
358 verbose dependencyIsSatisfied web3-eth true
359 silly hasDependencyInstalled @open-city-protocol/web3 web3-shh
360 silly dependencyIsSatisfied [ 'web3-shh',
360 silly dependencyIsSatisfied   '1.0.0-beta.36.1',
360 silly dependencyIsSatisfied   '/home/jeichel/workspace/web3.js/packages/web3/node_modules' ]
361 verbose dependencyIsSatisfied web3-shh true
362 silly root dependencies []
363 silly leaf dependencies {
363 silly leaf dependencies   "@open-city-protocol/web3-eth-iban": [
363 silly leaf dependencies     {
363 silly leaf dependencies       "dependency": "bn.js@4.11.6",
363 silly leaf dependencies       "isSatisfied": true
363 silly leaf dependencies     },
363 silly leaf dependencies     {
363 silly leaf dependencies       "dependency": "web3-utils@1.0.0-beta.36.1",
363 silly leaf dependencies       "isSatisfied": true
363 silly leaf dependencies     }
363 silly leaf dependencies   ],
363 silly leaf dependencies   "@open-city-protocol/web3-utils": [
363 silly leaf dependencies     {
363 silly leaf dependencies       "dependency": "bn.js@4.11.6",
363 silly leaf dependencies       "isSatisfied": true
363 silly leaf dependencies     },
363 silly leaf dependencies     {
363 silly leaf dependencies       "dependency": "underscore@1.8.3",
363 silly leaf dependencies       "isSatisfied": true
363 silly leaf dependencies     },
363 silly leaf dependencies     {
363 silly leaf dependencies       "dependency": "eth-lib@0.1.27",
363 silly leaf dependencies       "isSatisfied": true
363 silly leaf dependencies     },
363 silly leaf dependencies     {
363 silly leaf dependencies       "dependency": "ethjs-unit@0.1.6",
363 silly leaf dependencies       "isSatisfied": true
363 silly leaf dependencies     },
363 silly leaf dependencies     {
363 silly leaf dependencies       "dependency": "number-to-bn@1.7.0",
363 silly leaf dependencies       "isSatisfied": true
363 silly leaf dependencies     },
363 silly leaf dependencies     {
363 silly leaf dependencies       "dependency": "randomhex@0.1.5",
363 silly leaf dependencies       "isSatisfied": true
363 silly leaf dependencies     },
363 silly leaf dependencies     {
363 silly leaf dependencies       "dependency": "utf8@2.1.1",
363 silly leaf dependencies       "isSatisfied": true
363 silly leaf dependencies     }
363 silly leaf dependencies   ],
363 silly leaf dependencies   "@open-city-protocol/web3-bzz": [
363 silly leaf dependencies     {
363 silly leaf dependencies       "dependency": "underscore@1.8.3",
363 silly leaf dependencies       "isSatisfied": true
363 silly leaf dependencies     },
363 silly leaf dependencies     {
363 silly leaf dependencies       "dependency": "got@7.1.0",
363 silly leaf dependencies       "isSatisfied": true
363 silly leaf dependencies     },
363 silly leaf dependencies     {
363 silly leaf dependencies       "dependency": "swarm-js@0.1.37",
363 silly leaf dependencies       "isSatisfied": true
363 silly leaf dependencies     }
363 silly leaf dependencies   ],
363 silly leaf dependencies   "@open-city-protocol/web3-core-helpers": [
363 silly leaf dependencies     {
363 silly leaf dependencies       "dependency": "underscore@1.8.3",
363 silly leaf dependencies       "isSatisfied": true
363 silly leaf dependencies     },
363 silly leaf dependencies     {
363 silly leaf dependencies       "dependency": "web3-eth-iban@1.0.0-beta.36.1",
363 silly leaf dependencies       "isSatisfied": true
363 silly leaf dependencies     },
363 silly leaf dependencies     {
363 silly leaf dependencies       "dependency": "web3-utils@1.0.0-beta.36.1",
363 silly leaf dependencies       "isSatisfied": true
363 silly leaf dependencies     }
363 silly leaf dependencies   ],
363 silly leaf dependencies   "@open-city-protocol/web3-core-method": [
363 silly leaf dependencies     {
363 silly leaf dependencies       "dependency": "underscore@1.8.3",
363 silly leaf dependencies       "isSatisfied": true
363 silly leaf dependencies     },
363 silly leaf dependencies     {
363 silly leaf dependencies       "dependency": "web3-utils@1.0.0-beta.36.1",
363 silly leaf dependencies       "isSatisfied": true
363 silly leaf dependencies     },
363 silly leaf dependencies     {
363 silly leaf dependencies       "dependency": "web3-core-helpers@1.0.0-beta.36.1",
363 silly leaf dependencies       "isSatisfied": true
363 silly leaf dependencies     },
363 silly leaf dependencies     {
363 silly leaf dependencies       "dependency": "web3-core-promievent@1.0.0-beta.36.1",
363 silly leaf dependencies       "isSatisfied": true
363 silly leaf dependencies     },
363 silly leaf dependencies     {
363 silly leaf dependencies       "dependency": "web3-core-subscriptions@1.0.0-beta.36.1",
363 silly leaf dependencies       "isSatisfied": true
363 silly leaf dependencies     }
363 silly leaf dependencies   ],
363 silly leaf dependencies   "@open-city-protocol/web3-core-requestmanager": [
363 silly leaf dependencies     {
363 silly leaf dependencies       "dependency": "underscore@1.8.3",
363 silly leaf dependencies       "isSatisfied": true
363 silly leaf dependencies     },
363 silly leaf dependencies     {
363 silly leaf dependencies       "dependency": "web3-core-helpers@1.0.0-beta.36.1",
363 silly leaf dependencies       "isSatisfied": true
363 silly leaf dependencies     },
363 silly leaf dependencies     {
363 silly leaf dependencies       "dependency": "web3-providers-http@1.0.0-beta.36.1",
363 silly leaf dependencies       "isSatisfied": true
363 silly leaf dependencies     },
363 silly leaf dependencies     {
363 silly leaf dependencies       "dependency": "web3-providers-ipc@1.0.0-beta.36.1",
363 silly leaf dependencies       "isSatisfied": true
363 silly leaf dependencies     },
363 silly leaf dependencies     {
363 silly leaf dependencies       "dependency": "web3-providers-ws@1.0.0-beta.36.1",
363 silly leaf dependencies       "isSatisfied": true
363 silly leaf dependencies     }
363 silly leaf dependencies   ],
363 silly leaf dependencies   "@open-city-protocol/web3-core-subscriptions": [
363 silly leaf dependencies     {
363 silly leaf dependencies       "dependency": "underscore@1.8.3",
363 silly leaf dependencies       "isSatisfied": true
363 silly leaf dependencies     },
363 silly leaf dependencies     {
363 silly leaf dependencies       "dependency": "web3-core-helpers@1.0.0-beta.36.1",
363 silly leaf dependencies       "isSatisfied": true
363 silly leaf dependencies     },
363 silly leaf dependencies     {
363 silly leaf dependencies       "dependency": "eventemitter3@1.1.1",
363 silly leaf dependencies       "isSatisfied": true
363 silly leaf dependencies     }
363 silly leaf dependencies   ],
363 silly leaf dependencies   "@open-city-protocol/web3-eth-abi": [
363 silly leaf dependencies     {
363 silly leaf dependencies       "dependency": "underscore@1.8.3",
363 silly leaf dependencies       "isSatisfied": true
363 silly leaf dependencies     },
363 silly leaf dependencies     {
363 silly leaf dependencies       "dependency": "web3-utils@1.0.0-beta.36.1",
363 silly leaf dependencies       "isSatisfied": true
363 silly leaf dependencies     },
363 silly leaf dependencies     {
363 silly leaf dependencies       "dependency": "ethers@4.0.0-beta.1",
363 silly leaf dependencies       "isSatisfied": true
363 silly leaf dependencies     }
363 silly leaf dependencies   ],
363 silly leaf dependencies   "@open-city-protocol/web3-eth-accounts": [
363 silly leaf dependencies     {
363 silly leaf dependencies       "dependency": "underscore@1.8.3",
363 silly leaf dependencies       "isSatisfied": true
363 silly leaf dependencies     },
363 silly leaf dependencies     {
363 silly leaf dependencies       "dependency": "web3-utils@1.0.0-beta.36.1",
363 silly leaf dependencies       "isSatisfied": true
363 silly leaf dependencies     },
363 silly leaf dependencies     {
363 silly leaf dependencies       "dependency": "web3-core-helpers@1.0.0-beta.36.1",
363 silly leaf dependencies       "isSatisfied": true
363 silly leaf dependencies     },
363 silly leaf dependencies     {
363 silly leaf dependencies       "dependency": "any-promise@1.3.0",
363 silly leaf dependencies       "isSatisfied": true
363 silly leaf dependencies     },
363 silly leaf dependencies     {
363 silly leaf dependencies       "dependency": "web3-core-method@1.0.0-beta.36.1",
363 silly leaf dependencies       "isSatisfied": true
363 silly leaf dependencies     },
363 silly leaf dependencies     {
363 silly leaf dependencies       "dependency": "crypto-browserify@3.12.0",
363 silly leaf dependencies       "isSatisfied": true
363 silly leaf dependencies     },
363 silly leaf dependencies     {
363 silly leaf dependencies       "dependency": "eth-lib@0.2.7",
363 silly leaf dependencies       "isSatisfied": true
363 silly leaf dependencies     },
363 silly leaf dependencies     {
363 silly leaf dependencies       "dependency": "scrypt.js@0.2.0",
363 silly leaf dependencies       "isSatisfied": true
363 silly leaf dependencies     },
363 silly leaf dependencies     {
363 silly leaf dependencies       "dependency": "uuid@2.0.1",
363 silly leaf dependencies       "isSatisfied": true
363 silly leaf dependencies     },
363 silly leaf dependencies     {
363 silly leaf dependencies       "dependency": "web3-core@1.0.0-beta.36.1",
363 silly leaf dependencies       "isSatisfied": true
363 silly leaf dependencies     }
363 silly leaf dependencies   ],
363 silly leaf dependencies   "@open-city-protocol/web3-eth-contract": [
363 silly leaf dependencies     {
363 silly leaf dependencies       "dependency": "underscore@1.8.3",
363 silly leaf dependencies       "isSatisfied": true
363 silly leaf dependencies     },
363 silly leaf dependencies     {
363 silly leaf dependencies       "dependency": "web3-utils@1.0.0-beta.36.1",
363 silly leaf dependencies       "isSatisfied": true
363 silly leaf dependencies     },
363 silly leaf dependencies     {
363 silly leaf dependencies       "dependency": "web3-core-helpers@1.0.0-beta.36.1",
363 silly leaf dependencies       "isSatisfied": true
363 silly leaf dependencies     },
363 silly leaf dependencies     {
363 silly leaf dependencies       "dependency": "web3-core-promievent@1.0.0-beta.36.1",
363 silly leaf dependencies       "isSatisfied": true
363 silly leaf dependencies     },
363 silly leaf dependencies     {
363 silly leaf dependencies       "dependency": "web3-core-subscriptions@1.0.0-beta.36.1",
363 silly leaf dependencies       "isSatisfied": true
363 silly leaf dependencies     },
363 silly leaf dependencies     {
363 silly leaf dependencies       "dependency": "web3-core-method@1.0.0-beta.36.1",
363 silly leaf dependencies       "isSatisfied": true
363 silly leaf dependencies     },
363 silly leaf dependencies     {
363 silly leaf dependencies       "dependency": "web3-core@1.0.0-beta.36.1",
363 silly leaf dependencies       "isSatisfied": true
363 silly leaf dependencies     },
363 silly leaf dependencies     {
363 silly leaf dependencies       "dependency": "web3-eth-abi@1.0.0-beta.36.1",
363 silly leaf dependencies       "isSatisfied": true
363 silly leaf dependencies     }
363 silly leaf dependencies   ],
363 silly leaf dependencies   "@open-city-protocol/web3-eth-ens": [
363 silly leaf dependencies     {
363 silly leaf dependencies       "dependency": "underscore@1.8.3",
363 silly leaf dependencies       "isSatisfied": true
363 silly leaf dependencies     },
363 silly leaf dependencies     {
363 silly leaf dependencies       "dependency": "web3-utils@1.0.0-beta.36.1",
363 silly leaf dependencies       "isSatisfied": true
363 silly leaf dependencies     },
363 silly leaf dependencies     {
363 silly leaf dependencies       "dependency": "web3-core-helpers@1.0.0-beta.36.1",
363 silly leaf dependencies       "isSatisfied": true
363 silly leaf dependencies     },
363 silly leaf dependencies     {
363 silly leaf dependencies       "dependency": "web3-core-promievent@1.0.0-beta.36.1",
363 silly leaf dependencies       "isSatisfied": true
363 silly leaf dependencies     },
363 silly leaf dependencies     {
363 silly leaf dependencies       "dependency": "web3-core@1.0.0-beta.36.1",
363 silly leaf dependencies       "isSatisfied": true
363 silly leaf dependencies     },
363 silly leaf dependencies     {
363 silly leaf dependencies       "dependency": "web3-eth-abi@1.0.0-beta.36.1",
363 silly leaf dependencies       "isSatisfied": true
363 silly leaf dependencies     },
363 silly leaf dependencies     {
363 silly leaf dependencies       "dependency": "eth-ens-namehash@2.0.8",
363 silly leaf dependencies       "isSatisfied": true
363 silly leaf dependencies     },
363 silly leaf dependencies     {
363 silly leaf dependencies       "dependency": "web3-eth-contract@1.0.0-beta.36.1",
363 silly leaf dependencies       "isSatisfied": true
363 silly leaf dependencies     }
363 silly leaf dependencies   ],
363 silly leaf dependencies   "@open-city-protocol/web3-eth": [
363 silly leaf dependencies     {
363 silly leaf dependencies       "dependency": "underscore@1.8.3",
363 silly leaf dependencies       "isSatisfied": true
363 silly leaf dependencies     },
363 silly leaf dependencies     {
363 silly leaf dependencies       "dependency": "web3-eth-iban@1.0.0-beta.36.1",
363 silly leaf dependencies       "isSatisfied": true
363 silly leaf dependencies     },
363 silly leaf dependencies     {
363 silly leaf dependencies       "dependency": "web3-utils@1.0.0-beta.36.1",
363 silly leaf dependencies       "isSatisfied": true
363 silly leaf dependencies     },
363 silly leaf dependencies     {
363 silly leaf dependencies       "dependency": "web3-core-helpers@1.0.0-beta.36.1",
363 silly leaf dependencies       "isSatisfied": true
363 silly leaf dependencies     },
363 silly leaf dependencies     {
363 silly leaf dependencies       "dependency": "web3-core-subscriptions@1.0.0-beta.36.1",
363 silly leaf dependencies       "isSatisfied": true
363 silly leaf dependencies     },
363 silly leaf dependencies     {
363 silly leaf dependencies       "dependency": "web3-core-method@1.0.0-beta.36.1",
363 silly leaf dependencies       "isSatisfied": true
363 silly leaf dependencies     },
363 silly leaf dependencies     {
363 silly leaf dependencies       "dependency": "web3-core@1.0.0-beta.36.1",
363 silly leaf dependencies       "isSatisfied": true
363 silly leaf dependencies     },
363 silly leaf dependencies     {
363 silly leaf dependencies       "dependency": "web3-eth-abi@1.0.0-beta.36.1",
363 silly leaf dependencies       "isSatisfied": true
363 silly leaf dependencies     },
363 silly leaf dependencies     {
363 silly leaf dependencies       "dependency": "web3-eth-contract@1.0.0-beta.36.1",
363 silly leaf dependencies       "isSatisfied": true
363 silly leaf dependencies     },
363 silly leaf dependencies     {
363 silly leaf dependencies       "dependency": "web3-net@1.0.0-beta.36.1",
363 silly leaf dependencies       "isSatisfied": true
363 silly leaf dependencies     },
363 silly leaf dependencies     {
363 silly leaf dependencies       "dependency": "web3-eth-accounts@1.0.0-beta.36.1",
363 silly leaf dependencies       "isSatisfied": true
363 silly leaf dependencies     },
363 silly leaf dependencies     {
363 silly leaf dependencies       "dependency": "web3-eth-ens@1.0.0-beta.36.1",
363 silly leaf dependencies       "isSatisfied": true
363 silly leaf dependencies     },
363 silly leaf dependencies     {
363 silly leaf dependencies       "dependency": "web3-eth-personal@1.0.0-beta.36.1",
363 silly leaf dependencies       "isSatisfied": true
363 silly leaf dependencies     }
363 silly leaf dependencies   ],
363 silly leaf dependencies   "@open-city-protocol/web3-providers-ipc": [
363 silly leaf dependencies     {
363 silly leaf dependencies       "dependency": "underscore@1.8.3",
363 silly leaf dependencies       "isSatisfied": true
363 silly leaf dependencies     },
363 silly leaf dependencies     {
363 silly leaf dependencies       "dependency": "web3-core-helpers@1.0.0-beta.36.1",
363 silly leaf dependencies       "isSatisfied": true
363 silly leaf dependencies     },
363 silly leaf dependencies     {
363 silly leaf dependencies       "dependency": "oboe@2.1.3",
363 silly leaf dependencies       "isSatisfied": true
363 silly leaf dependencies     }
363 silly leaf dependencies   ],
363 silly leaf dependencies   "@open-city-protocol/web3-providers-ws": [
363 silly leaf dependencies     {
363 silly leaf dependencies       "dependency": "underscore@1.8.3",
363 silly leaf dependencies       "isSatisfied": true
363 silly leaf dependencies     },
363 silly leaf dependencies     {
363 silly leaf dependencies       "dependency": "web3-core-helpers@1.0.0-beta.36.1",
363 silly leaf dependencies       "isSatisfied": true
363 silly leaf dependencies     },
363 silly leaf dependencies     {
363 silly leaf dependencies       "dependency": "websocket@git://github.com/frozeman/WebSocket-Node.git#browserifyCompatible",
363 silly leaf dependencies       "isSatisfied": false
363 silly leaf dependencies     }
363 silly leaf dependencies   ],
363 silly leaf dependencies   "@open-city-protocol/web3-core": [
363 silly leaf dependencies     {
363 silly leaf dependencies       "dependency": "web3-utils@1.0.0-beta.36.1",
363 silly leaf dependencies       "isSatisfied": true
363 silly leaf dependencies     },
363 silly leaf dependencies     {
363 silly leaf dependencies       "dependency": "web3-core-helpers@1.0.0-beta.36.1",
363 silly leaf dependencies       "isSatisfied": true
363 silly leaf dependencies     },
363 silly leaf dependencies     {
363 silly leaf dependencies       "dependency": "web3-core-method@1.0.0-beta.36.1",
363 silly leaf dependencies       "isSatisfied": true
363 silly leaf dependencies     },
363 silly leaf dependencies     {
363 silly leaf dependencies       "dependency": "web3-core-requestmanager@1.0.0-beta.36.1",
363 silly leaf dependencies       "isSatisfied": true
363 silly leaf dependencies     }
363 silly leaf dependencies   ],
363 silly leaf dependencies   "@open-city-protocol/web3-eth-personal": [
363 silly leaf dependencies     {
363 silly leaf dependencies       "dependency": "web3-utils@1.0.0-beta.36.1",
363 silly leaf dependencies       "isSatisfied": true
363 silly leaf dependencies     },
363 silly leaf dependencies     {
363 silly leaf dependencies       "dependency": "web3-core-helpers@1.0.0-beta.36.1",
363 silly leaf dependencies       "isSatisfied": true
363 silly leaf dependencies     },
363 silly leaf dependencies     {
363 silly leaf dependencies       "dependency": "web3-core-method@1.0.0-beta.36.1",
363 silly leaf dependencies       "isSatisfied": true
363 silly leaf dependencies     },
363 silly leaf dependencies     {
363 silly leaf dependencies       "dependency": "web3-core@1.0.0-beta.36.1",
363 silly leaf dependencies       "isSatisfied": true
363 silly leaf dependencies     },
363 silly leaf dependencies     {
363 silly leaf dependencies       "dependency": "web3-net@1.0.0-beta.36.1",
363 silly leaf dependencies       "isSatisfied": true
363 silly leaf dependencies     }
363 silly leaf dependencies   ],
363 silly leaf dependencies   "@open-city-protocol/web3-net": [
363 silly leaf dependencies     {
363 silly leaf dependencies       "dependency": "web3-utils@1.0.0-beta.36.1",
363 silly leaf dependencies       "isSatisfied": true
363 silly leaf dependencies     },
363 silly leaf dependencies     {
363 silly leaf dependencies       "dependency": "web3-core-method@1.0.0-beta.36.1",
363 silly leaf dependencies       "isSatisfied": true
363 silly leaf dependencies     },
363 silly leaf dependencies     {
363 silly leaf dependencies       "dependency": "web3-core@1.0.0-beta.36.1",
363 silly leaf dependencies       "isSatisfied": true
363 silly leaf dependencies     }
363 silly leaf dependencies   ],
363 silly leaf dependencies   "@open-city-protocol/web3": [
363 silly leaf dependencies     {
363 silly leaf dependencies       "dependency": "web3-utils@1.0.0-beta.36.1",
363 silly leaf dependencies       "isSatisfied": true
363 silly leaf dependencies     },
363 silly leaf dependencies     {
363 silly leaf dependencies       "dependency": "web3-core@1.0.0-beta.36.1",
363 silly leaf dependencies       "isSatisfied": true
363 silly leaf dependencies     },
363 silly leaf dependencies     {
363 silly leaf dependencies       "dependency": "web3-net@1.0.0-beta.36.1",
363 silly leaf dependencies       "isSatisfied": true
363 silly leaf dependencies     },
363 silly leaf dependencies     {
363 silly leaf dependencies       "dependency": "web3-eth-personal@1.0.0-beta.36.1",
363 silly leaf dependencies       "isSatisfied": true
363 silly leaf dependencies     },
363 silly leaf dependencies     {
363 silly leaf dependencies       "dependency": "web3-bzz@1.0.0-beta.36.1",
363 silly leaf dependencies       "isSatisfied": true
363 silly leaf dependencies     },
363 silly leaf dependencies     {
363 silly leaf dependencies       "dependency": "web3-eth@1.0.0-beta.36.1",
363 silly leaf dependencies       "isSatisfied": true
363 silly leaf dependencies     },
363 silly leaf dependencies     {
363 silly leaf dependencies       "dependency": "web3-shh@1.0.0-beta.36.1",
363 silly leaf dependencies       "isSatisfied": true
363 silly leaf dependencies     }
363 silly leaf dependencies   ],
363 silly leaf dependencies   "@open-city-protocol/web3-providers-http": [
363 silly leaf dependencies     {
363 silly leaf dependencies       "dependency": "web3-core-helpers@1.0.0-beta.36.1",
363 silly leaf dependencies       "isSatisfied": true
363 silly leaf dependencies     },
363 silly leaf dependencies     {
363 silly leaf dependencies       "dependency": "xhr2-cookies@1.1.0",
363 silly leaf dependencies       "isSatisfied": true
363 silly leaf dependencies     }
363 silly leaf dependencies   ],
363 silly leaf dependencies   "@open-city-protocol/web3-shh": [
363 silly leaf dependencies     {
363 silly leaf dependencies       "dependency": "web3-core-subscriptions@1.0.0-beta.36.1",
363 silly leaf dependencies       "isSatisfied": true
363 silly leaf dependencies     },
363 silly leaf dependencies     {
363 silly leaf dependencies       "dependency": "web3-core-method@1.0.0-beta.36.1",
363 silly leaf dependencies       "isSatisfied": true
363 silly leaf dependencies     },
363 silly leaf dependencies     {
363 silly leaf dependencies       "dependency": "web3-core@1.0.0-beta.36.1",
363 silly leaf dependencies       "isSatisfied": true
363 silly leaf dependencies     },
363 silly leaf dependencies     {
363 silly leaf dependencies       "dependency": "web3-net@1.0.0-beta.36.1",
363 silly leaf dependencies       "isSatisfied": true
363 silly leaf dependencies     }
363 silly leaf dependencies   ],
363 silly leaf dependencies   "@open-city-protocol/web3-core-promievent": [
363 silly leaf dependencies     {
363 silly leaf dependencies       "dependency": "any-promise@1.3.0",
363 silly leaf dependencies       "isSatisfied": true
363 silly leaf dependencies     },
363 silly leaf dependencies     {
363 silly leaf dependencies       "dependency": "eventemitter3@1.1.1",
363 silly leaf dependencies       "isSatisfied": true
363 silly leaf dependencies     }
363 silly leaf dependencies   ]
363 silly leaf dependencies }
364 info Installing external dependencies
365 verbose actions 1 actions, concurrency 4
366 silly installInDir web3-providers-ws [ 'underscore@1.8.3',
366 silly installInDir   'web3-core-helpers@1.0.0-beta.36.1',
366 silly installInDir   'websocket@git://github.com/frozeman/WebSocket-Node.git#browserifyCompatible' ]
367 silly installInDir backup /home/jeichel/workspace/web3.js/packages/web3-providers-ws/package.json
368 silly rename [ '/home/jeichel/workspace/web3.js/packages/web3-providers-ws/package.json',
368 silly rename   '/home/jeichel/workspace/web3.js/packages/web3-providers-ws/package.json.lerna_backup' ]
369 silly installInDir writing tempJson { dependencies:
369 silly installInDir    { underscore: '1.8.3',
369 silly installInDir      'web3-core-helpers': '1.0.0-beta.36.1',
369 silly installInDir      websocket: 'git://github.com/frozeman/WebSocket-Node.git#browserifyCompatible' } }
370 silly getExecOpts { cwd: '/home/jeichel/workspace/web3.js/packages/web3-providers-ws' }
371 silly installInDir [ 'npm', [ 'install' ] ]
372 silly installInDir cleanup /home/jeichel/workspace/web3.js/packages/web3-providers-ws/package.json
373 silly renameSync [ '/home/jeichel/workspace/web3.js/packages/web3-providers-ws/package.json.lerna_backup',
373 silly renameSync   '/home/jeichel/workspace/web3.js/packages/web3-providers-ws/package.json' ]
374 verbose installed leaf @open-city-protocol/web3-providers-ws
375 error execute callback with error
376 error Error: Command failed: npm install
376 error npm ERR! code ETARGET
376 error npm ERR! notarget No matching version found for web3-core-helpers@1.0.0-beta.36.1
376 error npm ERR! notarget In most cases you or one of your dependencies are requesting
376 error npm ERR! notarget a package version that doesn't exist.
376 error
376 error npm ERR! A complete log of this run can be found in:
376 error npm ERR!     /home/jeichel/.npm/_logs/2018-11-20T21_50_39_717Z-debug.log
376 error
376 error     at Promise.all.then.arr (/home/jeichel/workspace/web3.js/node_modules/execa/index.js:236:11)
376 error     at <anonymous>
